# ...55857 -Z--T >0009a0bc       bl       0x000f6024                     r0=141a00aa r1=01ffb8a3 r2=01ffa2b4 r3=01ffa3f9 r4=00000001 r5=00000000 r6=000000f7 r7=00000002 r8=00000000 r9=00000000 r10=0017c0b0 r11=00000000 r12=000003b8 sp=020006c8 lr=0009a009
arm-prefetch [000f6024]
# ...55858 -Z--T >000f6024       push     {r0, r1, r2, r3}               r0=141a00aa r1=01ffb8a3 r2=01ffa2b4 r3=01ffa3f9 r4=00000001 r5=00000000 r6=000000f7 r7=00000002 r8=00000000 r9=00000000 r10=0017c0b0 r11=00000000 r12=000003b8 sp=020006c8 lr=0009a0c1
# ...55859 -Z--T >000f6026       push     {r4, r5, r6, r7, lr}           r0=141a00aa r1=01ffb8a3 r2=01ffa2b4 r3=01ffa3f9 r4=00000001 r5=00000000 r6=000000f7 r7=00000002 r8=00000000 r9=00000000 r10=0017c0b0 r11=00000000 r12=000003b8 sp=020006b8 lr=0009a0c1
# ...55860 -Z--T >000f6028       sub      sp, #44                        r0=141a00aa r1=01ffb8a3 r2=01ffa2b4 r3=01ffa3f9 r4=00000001 r5=00000000 r6=000000f7 r7=00000002 r8=00000000 r9=00000000 r10=0017c0b0 r11=00000000 r12=000003b8 sp=020006a4 lr=0009a0c1
# ...55861 -Z--T >000f602a       ldr      r0, [sp, #64]                  r0=141a00aa r1=01ffb8a3 r2=01ffa2b4 r3=01ffa3f9 r4=00000001 r5=00000000 r6=000000f7 r7=00000002 r8=00000000 r9=00000000 r10=0017c0b0 r11=00000000 r12=000003b8 sp=02000678 lr=0009a0c1
# ...55862 -Z--T >000f602c       movs     r5, #6                         r0=141a00aa r1=01ffb8a3 r2=01ffa2b4 r3=01ffa3f9 r4=00000001 r5=00000000 r6=000000f7 r7=00000002 r8=00000000 r9=00000000 r10=0017c0b0 r11=00000000 r12=000003b8 sp=02000678 lr=0009a0c1
# ...55863 ----T >000f602e       lsrs     r1, r0, #16                    r0=141a00aa r1=01ffb8a3 r2=01ffa2b4 r3=01ffa3f9 r4=00000001 r5=00000006 r6=000000f7 r7=00000002 r8=00000000 r9=00000000 r10=0017c0b0 r11=00000000 r12=000003b8 sp=02000678 lr=0009a0c1
# ...55864 ----T >000f6030       str      r1, [sp, #40]                  r0=141a00aa r1=0000141a r2=01ffa2b4 r3=01ffa3f9 r4=00000001 r5=00000006 r6=000000f7 r7=00000002 r8=00000000 r9=00000000 r10=0017c0b0 r11=00000000 r12=000003b8 sp=02000678 lr=0009a0c1
# ...55865 ----T >000f6032       lsls     r1, r0, #16                    r0=141a00aa r1=0000141a r2=01ffa2b4 r3=01ffa3f9 r4=00000001 r5=00000006 r6=000000f7 r7=00000002 r8=00000000 r9=00000000 r10=0017c0b0 r11=00000000 r12=000003b8 sp=02000678 lr=0009a0c1
# ...55866 ----T >000f6034       lsrs     r1, r1, #24                    r0=141a00aa r1=00aa0000 r2=01ffa2b4 r3=01ffa3f9 r4=00000001 r5=00000006 r6=000000f7 r7=00000002 r8=00000000 r9=00000000 r10=0017c0b0 r11=00000000 r12=000003b8 sp=02000678 lr=0009a0c1
# ...55867 -ZC-T >000f6036       lsls     r6, r0, #24                    r0=141a00aa r1=00000000 r2=01ffa2b4 r3=01ffa3f9 r4=00000001 r5=00000006 r6=000000f7 r7=00000002 r8=00000000 r9=00000000 r10=0017c0b0 r11=00000000 r12=000003b8 sp=02000678 lr=0009a0c1
# ...55868 N---T >000f6038       lsrs     r6, r6, #24                    r0=141a00aa r1=00000000 r2=01ffa2b4 r3=01ffa3f9 r4=00000001 r5=00000006 r6=aa000000 r7=00000002 r8=00000000 r9=00000000 r10=0017c0b0 r11=00000000 r12=000003b8 sp=02000678 lr=0009a0c1
# ...55869 ----T >000f603a       movs     r4, #192                       r0=141a00aa r1=00000000 r2=01ffa2b4 r3=01ffa3f9 r4=00000001 r5=00000006 r6=000000aa r7=00000002 r8=00000000 r9=00000000 r10=0017c0b0 r11=00000000 r12=000003b8 sp=02000678 lr=0009a0c1
# ...55870 ----T >000f603c       movs     r0, #192                       r0=141a00aa r1=00000000 r2=01ffa2b4 r3=01ffa3f9 r4=000000c0 r5=00000006 r6=000000aa r7=00000002 r8=00000000 r9=00000000 r10=0017c0b0 r11=00000000 r12=000003b8 sp=02000678 lr=0009a0c1
# ...55871 ----T >000f603e       str      r6, [sp, #32]                  r0=000000c0 r1=00000000 r2=01ffa2b4 r3=01ffa3f9 r4=000000c0 r5=00000006 r6=000000aa r7=00000002 r8=00000000 r9=00000000 r10=0017c0b0 r11=00000000 r12=000003b8 sp=02000678 lr=0009a0c1
# ...55872 ----T >000f6040       str      r1, [sp, #36]                  r0=000000c0 r1=00000000 r2=01ffa2b4 r3=01ffa3f9 r4=000000c0 r5=00000006 r6=000000aa r7=00000002 r8=00000000 r9=00000000 r10=0017c0b0 r11=00000000 r12=000003b8 sp=02000678 lr=0009a0c1
# ...55873 ----T >000f6042       blx      0x000002bc                     r0=000000c0 r1=00000000 r2=01ffa2b4 r3=01ffa3f9 r4=000000c0 r5=00000006 r6=000000aa r7=00000002 r8=00000000 r9=00000000 r10=0017c0b0 r11=00000000 r12=000003b8 sp=02000678 lr=0009a0c1
# ...55874 ----- >000002bc       mov      r1, r0                         r0=000000c0 r1=00000000 r2=01ffa2b4 r3=01ffa3f9 r4=000000c0 r5=00000006 r6=000000aa r7=00000002 r8=00000000 r9=00000000 r10=0017c0b0 r11=00000000 r12=000003b8 sp=02000678 lr=000f6047
# ...55875 ----- >000002c0       mrs      r0, CPSR                       r0=000000c0 r1=000000c0 r2=01ffa2b4 r3=01ffa3f9 r4=000000c0 r5=00000006 r6=000000aa r7=00000002 r8=00000000 r9=00000000 r10=0017c0b0 r11=00000000 r12=000003b8 sp=02000678 lr=000f6047
# ...55876 ----- >000002c4       orr      r1, r0, r1                     r0=5d5d5d5d r1=000000c0 r2=01ffa2b4 r3=01ffa3f9 r4=000000c0 r5=00000006 r6=000000aa r7=00000002 r8=00000000 r9=00000000 r10=0017c0b0 r11=00000000 r12=000003b8 sp=02000678 lr=000f6047
# ...55877 ----- >000002c8       msr      CPSR_c, r1                     r0=5d5d5d5d r1=5d5d5ddd r2=01ffa2b4 r3=01ffa3f9 r4=000000c0 r5=00000006 r6=000000aa r7=00000002 r8=00000000 r9=00000000 r10=0017c0b0 r11=00000000 r12=000003b8 sp=02000678 lr=000f6047
# ...55878 ----- >000002cc       bx       lr                             r0=5d5d5d5d r1=5d5d5ddd r2=01ffa2b4 r3=01ffa3f9 r4=000000c0 r5=00000006 r6=000000aa r7=00000002 r8=00000000 r9=00000000 r10=0017c0b0 r11=00000000 r12=000003b8 sp=02000678 lr=000f6047
# ...55879 ----T >000f6046       ldr      r1, [sp, #36]                  r0=5d5d5d5d r1=5d5d5ddd r2=01ffa2b4 r3=01ffa3f9 r4=000000c0 r5=00000006 r6=000000aa r7=00000002 r8=00000000 r9=00000000 r10=0017c0b0 r11=00000000 r12=000003b8 sp=02000678 lr=000f6047
# ...55880 ----T >000f6048       mov      r3, sp                         r0=5d5d5d5d r1=00000000 r2=01ffa2b4 r3=01ffa3f9 r4=000000c0 r5=00000006 r6=000000aa r7=00000002 r8=00000000 r9=00000000 r10=0017c0b0 r11=00000000 r12=000003b8 sp=02000678 lr=000f6047
# ...55881 ----T >000f604a       adds     r1, #227                       r0=5d5d5d5d r1=00000000 r2=01ffa2b4 r3=02000678 r4=000000c0 r5=00000006 r6=000000aa r7=00000002 r8=00000000 r9=00000000 r10=0017c0b0 r11=00000000 r12=000003b8 sp=02000678 lr=000f6047
# ...55882 ----T >000f604c       str      r0, [sp, #4]                   r0=5d5d5d5d r1=000000e3 r2=01ffa2b4 r3=02000678 r4=000000c0 r5=00000006 r6=000000aa r7=00000002 r8=00000000 r9=00000000 r10=0017c0b0 r11=00000000 r12=000003b8 sp=02000678 lr=000f6047
# ...55883 ----T >000f604e       strb     r1, [r3, #8]                   r0=5d5d5d5d r1=000000e3 r2=01ffa2b4 r3=02000678 r4=000000c0 r5=00000006 r6=000000aa r7=00000002 r8=00000000 r9=00000000 r10=0017c0b0 r11=00000000 r12=000003b8 sp=02000678 lr=000f6047
# ...55884 ----T >000f6050       add      r3, sp, #32                    r0=5d5d5d5d r1=000000e3 r2=01ffa2b4 r3=02000678 r4=000000c0 r5=00000006 r6=000000aa r7=00000002 r8=00000000 r9=00000000 r10=0017c0b0 r11=00000000 r12=000003b8 sp=02000678 lr=000f6047
# ...55885 ----T >000f6052       ldrb     r1, [r3, #9]                   r0=5d5d5d5d r1=000000e3 r2=01ffa2b4 r3=02000698 r4=000000c0 r5=00000006 r6=000000aa r7=00000002 r8=00000000 r9=00000000 r10=0017c0b0 r11=00000000 r12=000003b8 sp=02000678 lr=000f6047
# ...55886 ----T >000f6054       mov      r3, sp                         r0=5d5d5d5d r1=00000014 r2=01ffa2b4 r3=02000698 r4=000000c0 r5=00000006 r6=000000aa r7=00000002 r8=00000000 r9=00000000 r10=0017c0b0 r11=00000000 r12=000003b8 sp=02000678 lr=000f6047
# ...55887 ----T >000f6056       movs     r2, #4                         r0=5d5d5d5d r1=00000014 r2=01ffa2b4 r3=02000678 r4=000000c0 r5=00000006 r6=000000aa r7=00000002 r8=00000000 r9=00000000 r10=0017c0b0 r11=00000000 r12=000003b8 sp=02000678 lr=000f6047
# ...55888 ----T >000f6058       strb     r1, [r3, #9]                   r0=5d5d5d5d r1=00000014 r2=00000004 r3=02000678 r4=000000c0 r5=00000006 r6=000000aa r7=00000002 r8=00000000 r9=00000000 r10=0017c0b0 r11=00000000 r12=000003b8 sp=02000678 lr=000f6047
# ...55889 ----T >000f605a       add      r3, sp, #32                    r0=5d5d5d5d r1=00000014 r2=00000004 r3=02000678 r4=000000c0 r5=00000006 r6=000000aa r7=00000002 r8=00000000 r9=00000000 r10=0017c0b0 r11=00000000 r12=000003b8 sp=02000678 lr=000f6047
# ...55890 ----T >000f605c       ldrb     r1, [r3, #8]                   r0=5d5d5d5d r1=00000014 r2=00000004 r3=02000698 r4=000000c0 r5=00000006 r6=000000aa r7=00000002 r8=00000000 r9=00000000 r10=0017c0b0 r11=00000000 r12=000003b8 sp=02000678 lr=000f6047
# ...55891 ----T >000f605e       mov      r3, sp                         r0=5d5d5d5d r1=0000001a r2=00000004 r3=02000698 r4=000000c0 r5=00000006 r6=000000aa r7=00000002 r8=00000000 r9=00000000 r10=0017c0b0 r11=00000000 r12=000003b8 sp=02000678 lr=000f6047
# ...55892 ----T >000f6060       add      r0, sp, #68                    r0=5d5d5d5d r1=0000001a r2=00000004 r3=02000678 r4=000000c0 r5=00000006 r6=000000aa r7=00000002 r8=00000000 r9=00000000 r10=0017c0b0 r11=00000000 r12=000003b8 sp=02000678 lr=000f6047
# ...55893 ----T >000f6062       strb     r1, [r3, #10]                  r0=020006bc r1=0000001a r2=00000004 r3=02000678 r4=000000c0 r5=00000006 r6=000000aa r7=00000002 r8=00000000 r9=00000000 r10=0017c0b0 r11=00000000 r12=000003b8 sp=02000678 lr=000f6047
# ...55894 ----T >000f6064       ldr      r6, [sp, #32]                  r0=020006bc r1=0000001a r2=00000004 r3=02000678 r4=000000c0 r5=00000006 r6=000000aa r7=00000002 r8=00000000 r9=00000000 r10=0017c0b0 r11=00000000 r12=000003b8 sp=02000678 lr=000f6047
# ...55895 ----T >000f6066       add      r1, sp, #8                     r0=020006bc r1=0000001a r2=00000004 r3=02000678 r4=000000c0 r5=00000006 r6=000000aa r7=00000002 r8=00000000 r9=00000000 r10=0017c0b0 r11=00000000 r12=000003b8 sp=02000678 lr=000f6047
# ...55896 ----T >000f6068       strb     r6, [r3, #11]                  r0=020006bc r1=02000680 r2=00000004 r3=02000678 r4=000000c0 r5=00000006 r6=000000aa r7=00000002 r8=00000000 r9=00000000 r10=0017c0b0 r11=00000000 r12=000003b8 sp=02000678 lr=000f6047
# ...55897 ----T >000f606a       ldr      r6, [sp, #32]                  r0=020006bc r1=02000680 r2=00000004 r3=02000678 r4=000000c0 r5=00000006 r6=000000aa r7=00000002 r8=00000000 r9=00000000 r10=0017c0b0 r11=00000000 r12=000003b8 sp=02000678 lr=000f6047
# ...55898 ----T >000f606c       ldmia    r0!, {r3}                      r0=020006bc r1=02000680 r2=00000004 r3=02000678 r4=000000c0 r5=00000006 r6=000000aa r7=00000002 r8=00000000 r9=00000000 r10=0017c0b0 r11=00000000 r12=000003b8 sp=02000678 lr=000f6047
# ...55899 ----T >000f606e       ands     r6, r4                         r0=020006c0 r1=02000680 r2=00000004 r3=01ffb8a3 r4=000000c0 r5=00000006 r6=000000aa r7=00000002 r8=00000000 r9=00000000 r10=0017c0b0 r11=00000000 r12=000003b8 sp=02000678 lr=000f6047
# ...55900 ----T >000f6070       lsrs     r6, r5                         r0=020006c0 r1=02000680 r2=00000004 r3=01ffb8a3 r4=000000c0 r5=00000006 r6=00000080 r7=00000002 r8=00000000 r9=00000000 r10=0017c0b0 r11=00000000 r12=000003b8 sp=02000678 lr=000f6047
# ...55901 ----T >000f6072       adds     r6, r6, #1                     r0=020006c0 r1=02000680 r2=00000004 r3=01ffb8a3 r4=000000c0 r5=00000006 r6=00000002 r7=00000002 r8=00000000 r9=00000000 r10=0017c0b0 r11=00000000 r12=000003b8 sp=02000678 lr=000f6047
# ...55902 ----T >000f6074       cmp      r6, #1                         r0=020006c0 r1=02000680 r2=00000004 r3=01ffb8a3 r4=000000c0 r5=00000006 r6=00000003 r7=00000002 r8=00000000 r9=00000000 r10=0017c0b0 r11=00000000 r12=000003b8 sp=02000678 lr=000f6047
# ...55903 --C-T >000f6076       beq.n    0x000f60a0                     r0=020006c0 r1=02000680 r2=00000004 r3=01ffb8a3 r4=000000c0 r5=00000006 r6=00000003 r7=00000002 r8=00000000 r9=00000000 r10=0017c0b0 r11=00000000 r12=000003b8 sp=02000678 lr=000f6047
# ...55904 --C-T >000f6078       cmp      r6, #2                         r0=020006c0 r1=02000680 r2=00000004 r3=01ffb8a3 r4=000000c0 r5=00000006 r6=00000003 r7=00000002 r8=00000000 r9=00000000 r10=0017c0b0 r11=00000000 r12=000003b8 sp=02000678 lr=000f6047
# ...55905 --C-T >000f607a       beq.n    0x000f6094                     r0=020006c0 r1=02000680 r2=00000004 r3=01ffb8a3 r4=000000c0 r5=00000006 r6=00000003 r7=00000002 r8=00000000 r9=00000000 r10=0017c0b0 r11=00000000 r12=000003b8 sp=02000678 lr=000f6047
# ...55906 --C-T >000f607c       cmp      r6, #4                         r0=020006c0 r1=02000680 r2=00000004 r3=01ffb8a3 r4=000000c0 r5=00000006 r6=00000003 r7=00000002 r8=00000000 r9=00000000 r10=0017c0b0 r11=00000000 r12=000003b8 sp=02000678 lr=000f6047
# ...55907 N---T >000f607e       bne.n    0x000f60aa                     r0=020006c0 r1=02000680 r2=00000004 r3=01ffb8a3 r4=000000c0 r5=00000006 r6=00000003 r7=00000002 r8=00000000 r9=00000000 r10=0017c0b0 r11=00000000 r12=000003b8 sp=02000678 lr=000f6047
# ...55908 N---T >000f60aa       subs     r5, r5, #2                     r0=020006c0 r1=02000680 r2=00000004 r3=01ffb8a3 r4=000000c0 r5=00000006 r6=00000003 r7=00000002 r8=00000000 r9=00000000 r10=0017c0b0 r11=00000000 r12=000003b8 sp=02000678 lr=000f6047
# ...55909 --C-T >000f60ac       lsls     r5, r5, #16                    r0=020006c0 r1=02000680 r2=00000004 r3=01ffb8a3 r4=000000c0 r5=00000004 r6=00000003 r7=00000002 r8=00000000 r9=00000000 r10=0017c0b0 r11=00000000 r12=000003b8 sp=02000678 lr=000f6047
# ...55910 ----T >000f60ae       asrs     r5, r5, #16                    r0=020006c0 r1=02000680 r2=00000004 r3=01ffb8a3 r4=000000c0 r5=00040000 r6=00000003 r7=00000002 r8=00000000 r9=00000000 r10=0017c0b0 r11=00000000 r12=000003b8 sp=02000678 lr=000f6047
# ...55911 ----T >000f60b0       asrs     r4, r4, #2                     r0=020006c0 r1=02000680 r2=00000004 r3=01ffb8a3 r4=000000c0 r5=00000004 r6=00000003 r7=00000002 r8=00000000 r9=00000000 r10=0017c0b0 r11=00000000 r12=000003b8 sp=02000678 lr=000f6047
# ...55912 ----T >000f60b2       cmp      r4, #0                         r0=020006c0 r1=02000680 r2=00000004 r3=01ffb8a3 r4=00000030 r5=00000004 r6=00000003 r7=00000002 r8=00000000 r9=00000000 r10=0017c0b0 r11=00000000 r12=000003b8 sp=02000678 lr=000f6047
# ...55913 --C-T >000f60b4       bne.n    0x000f606a                     r0=020006c0 r1=02000680 r2=00000004 r3=01ffb8a3 r4=00000030 r5=00000004 r6=00000003 r7=00000002 r8=00000000 r9=00000000 r10=0017c0b0 r11=00000000 r12=000003b8 sp=02000678 lr=000f6047
# ...55914 --C-T >000f606a       ldr      r6, [sp, #32]                  r0=020006c0 r1=02000680 r2=00000004 r3=01ffb8a3 r4=00000030 r5=00000004 r6=00000003 r7=00000002 r8=00000000 r9=00000000 r10=0017c0b0 r11=00000000 r12=000003b8 sp=02000678 lr=000f6047
# ...55915 --C-T >000f606c       ldmia    r0!, {r3}                      r0=020006c0 r1=02000680 r2=00000004 r3=01ffb8a3 r4=00000030 r5=00000004 r6=000000aa r7=00000002 r8=00000000 r9=00000000 r10=0017c0b0 r11=00000000 r12=000003b8 sp=02000678 lr=000f6047
# ...55916 --C-T >000f606e       ands     r6, r4                         r0=020006c4 r1=02000680 r2=00000004 r3=01ffa2b4 r4=00000030 r5=00000004 r6=000000aa r7=00000002 r8=00000000 r9=00000000 r10=0017c0b0 r11=00000000 r12=000003b8 sp=02000678 lr=000f6047
# ...55917 ----T >000f6070       lsrs     r6, r5                         r0=020006c4 r1=02000680 r2=00000004 r3=01ffa2b4 r4=00000030 r5=00000004 r6=00000020 r7=00000002 r8=00000000 r9=00000000 r10=0017c0b0 r11=00000000 r12=000003b8 sp=02000678 lr=000f6047
# ...55918 ----T >000f6072       adds     r6, r6, #1                     r0=020006c4 r1=02000680 r2=00000004 r3=01ffa2b4 r4=00000030 r5=00000004 r6=00000002 r7=00000002 r8=00000000 r9=00000000 r10=0017c0b0 r11=00000000 r12=000003b8 sp=02000678 lr=000f6047
# ...55919 ----T >000f6074       cmp      r6, #1                         r0=020006c4 r1=02000680 r2=00000004 r3=01ffa2b4 r4=00000030 r5=00000004 r6=00000003 r7=00000002 r8=00000000 r9=00000000 r10=0017c0b0 r11=00000000 r12=000003b8 sp=02000678 lr=000f6047
# ...55920 --C-T >000f6076       beq.n    0x000f60a0                     r0=020006c4 r1=02000680 r2=00000004 r3=01ffa2b4 r4=00000030 r5=00000004 r6=00000003 r7=00000002 r8=00000000 r9=00000000 r10=0017c0b0 r11=00000000 r12=000003b8 sp=02000678 lr=000f6047
# ...55921 --C-T >000f6078       cmp      r6, #2                         r0=020006c4 r1=02000680 r2=00000004 r3=01ffa2b4 r4=00000030 r5=00000004 r6=00000003 r7=00000002 r8=00000000 r9=00000000 r10=0017c0b0 r11=00000000 r12=000003b8 sp=02000678 lr=000f6047
# ...55922 --C-T >000f607a       beq.n    0x000f6094                     r0=020006c4 r1=02000680 r2=00000004 r3=01ffa2b4 r4=00000030 r5=00000004 r6=00000003 r7=00000002 r8=00000000 r9=00000000 r10=0017c0b0 r11=00000000 r12=000003b8 sp=02000678 lr=000f6047
# ...55923 --C-T >000f607c       cmp      r6, #4                         r0=020006c4 r1=02000680 r2=00000004 r3=01ffa2b4 r4=00000030 r5=00000004 r6=00000003 r7=00000002 r8=00000000 r9=00000000 r10=0017c0b0 r11=00000000 r12=000003b8 sp=02000678 lr=000f6047
# ...55924 N---T >000f607e       bne.n    0x000f60aa                     r0=020006c4 r1=02000680 r2=00000004 r3=01ffa2b4 r4=00000030 r5=00000004 r6=00000003 r7=00000002 r8=00000000 r9=00000000 r10=0017c0b0 r11=00000000 r12=000003b8 sp=02000678 lr=000f6047
# ...55925 N---T >000f60aa       subs     r5, r5, #2                     r0=020006c4 r1=02000680 r2=00000004 r3=01ffa2b4 r4=00000030 r5=00000004 r6=00000003 r7=00000002 r8=00000000 r9=00000000 r10=0017c0b0 r11=00000000 r12=000003b8 sp=02000678 lr=000f6047
# ...55926 --C-T >000f60ac       lsls     r5, r5, #16                    r0=020006c4 r1=02000680 r2=00000004 r3=01ffa2b4 r4=00000030 r5=00000002 r6=00000003 r7=00000002 r8=00000000 r9=00000000 r10=0017c0b0 r11=00000000 r12=000003b8 sp=02000678 lr=000f6047
# ...55927 ----T >000f60ae       asrs     r5, r5, #16                    r0=020006c4 r1=02000680 r2=00000004 r3=01ffa2b4 r4=00000030 r5=00020000 r6=00000003 r7=00000002 r8=00000000 r9=00000000 r10=0017c0b0 r11=00000000 r12=000003b8 sp=02000678 lr=000f6047
# ...55928 ----T >000f60b0       asrs     r4, r4, #2                     r0=020006c4 r1=02000680 r2=00000004 r3=01ffa2b4 r4=00000030 r5=00000002 r6=00000003 r7=00000002 r8=00000000 r9=00000000 r10=0017c0b0 r11=00000000 r12=000003b8 sp=02000678 lr=000f6047
# ...55929 ----T >000f60b2       cmp      r4, #0                         r0=020006c4 r1=02000680 r2=00000004 r3=01ffa2b4 r4=0000000c r5=00000002 r6=00000003 r7=00000002 r8=00000000 r9=00000000 r10=0017c0b0 r11=00000000 r12=000003b8 sp=02000678 lr=000f6047
# ...55930 --C-T >000f60b4       bne.n    0x000f606a                     r0=020006c4 r1=02000680 r2=00000004 r3=01ffa2b4 r4=0000000c r5=00000002 r6=00000003 r7=00000002 r8=00000000 r9=00000000 r10=0017c0b0 r11=00000000 r12=000003b8 sp=02000678 lr=000f6047
# ...55931 --C-T >000f606a       ldr      r6, [sp, #32]                  r0=020006c4 r1=02000680 r2=00000004 r3=01ffa2b4 r4=0000000c r5=00000002 r6=00000003 r7=00000002 r8=00000000 r9=00000000 r10=0017c0b0 r11=00000000 r12=000003b8 sp=02000678 lr=000f6047
# ...55932 --C-T >000f606c       ldmia    r0!, {r3}                      r0=020006c4 r1=02000680 r2=00000004 r3=01ffa2b4 r4=0000000c r5=00000002 r6=000000aa r7=00000002 r8=00000000 r9=00000000 r10=0017c0b0 r11=00000000 r12=000003b8 sp=02000678 lr=000f6047
# ...55933 --C-T >000f606e       ands     r6, r4                         r0=020006c8 r1=02000680 r2=00000004 r3=01ffa3f9 r4=0000000c r5=00000002 r6=000000aa r7=00000002 r8=00000000 r9=00000000 r10=0017c0b0 r11=00000000 r12=000003b8 sp=02000678 lr=000f6047
# ...55934 ----T >000f6070       lsrs     r6, r5                         r0=020006c8 r1=02000680 r2=00000004 r3=01ffa3f9 r4=0000000c r5=00000002 r6=00000008 r7=00000002 r8=00000000 r9=00000000 r10=0017c0b0 r11=00000000 r12=000003b8 sp=02000678 lr=000f6047
# ...55935 ----T >000f6072       adds     r6, r6, #1                     r0=020006c8 r1=02000680 r2=00000004 r3=01ffa3f9 r4=0000000c r5=00000002 r6=00000002 r7=00000002 r8=00000000 r9=00000000 r10=0017c0b0 r11=00000000 r12=000003b8 sp=02000678 lr=000f6047
# ...55936 ----T >000f6074       cmp      r6, #1                         r0=020006c8 r1=02000680 r2=00000004 r3=01ffa3f9 r4=0000000c r5=00000002 r6=00000003 r7=00000002 r8=00000000 r9=00000000 r10=0017c0b0 r11=00000000 r12=000003b8 sp=02000678 lr=000f6047
# ...55937 --C-T >000f6076       beq.n    0x000f60a0                     r0=020006c8 r1=02000680 r2=00000004 r3=01ffa3f9 r4=0000000c r5=00000002 r6=00000003 r7=00000002 r8=00000000 r9=00000000 r10=0017c0b0 r11=00000000 r12=000003b8 sp=02000678 lr=000f6047
# ...55938 --C-T >000f6078       cmp      r6, #2                         r0=020006c8 r1=02000680 r2=00000004 r3=01ffa3f9 r4=0000000c r5=00000002 r6=00000003 r7=00000002 r8=00000000 r9=00000000 r10=0017c0b0 r11=00000000 r12=000003b8 sp=02000678 lr=000f6047
# ...55939 --C-T >000f607a       beq.n    0x000f6094                     r0=020006c8 r1=02000680 r2=00000004 r3=01ffa3f9 r4=0000000c r5=00000002 r6=00000003 r7=00000002 r8=00000000 r9=00000000 r10=0017c0b0 r11=00000000 r12=000003b8 sp=02000678 lr=000f6047
# ...55940 --C-T >000f607c       cmp      r6, #4                         r0=020006c8 r1=02000680 r2=00000004 r3=01ffa3f9 r4=0000000c r5=00000002 r6=00000003 r7=00000002 r8=00000000 r9=00000000 r10=0017c0b0 r11=00000000 r12=000003b8 sp=02000678 lr=000f6047
# ...55941 N---T >000f607e       bne.n    0x000f60aa                     r0=020006c8 r1=02000680 r2=00000004 r3=01ffa3f9 r4=0000000c r5=00000002 r6=00000003 r7=00000002 r8=00000000 r9=00000000 r10=0017c0b0 r11=00000000 r12=000003b8 sp=02000678 lr=000f6047
# ...55942 N---T >000f60aa       subs     r5, r5, #2                     r0=020006c8 r1=02000680 r2=00000004 r3=01ffa3f9 r4=0000000c r5=00000002 r6=00000003 r7=00000002 r8=00000000 r9=00000000 r10=0017c0b0 r11=00000000 r12=000003b8 sp=02000678 lr=000f6047
# ...55943 -ZC-T >000f60ac       lsls     r5, r5, #16                    r0=020006c8 r1=02000680 r2=00000004 r3=01ffa3f9 r4=0000000c r5=00000000 r6=00000003 r7=00000002 r8=00000000 r9=00000000 r10=0017c0b0 r11=00000000 r12=000003b8 sp=02000678 lr=000f6047
# ...55944 -Z--T >000f60ae       asrs     r5, r5, #16                    r0=020006c8 r1=02000680 r2=00000004 r3=01ffa3f9 r4=0000000c r5=00000000 r6=00000003 r7=00000002 r8=00000000 r9=00000000 r10=0017c0b0 r11=00000000 r12=000003b8 sp=02000678 lr=000f6047
# ...55945 -Z--T >000f60b0       asrs     r4, r4, #2                     r0=020006c8 r1=02000680 r2=00000004 r3=01ffa3f9 r4=0000000c r5=00000000 r6=00000003 r7=00000002 r8=00000000 r9=00000000 r10=0017c0b0 r11=00000000 r12=000003b8 sp=02000678 lr=000f6047
# ...55946 ----T >000f60b2       cmp      r4, #0                         r0=020006c8 r1=02000680 r2=00000004 r3=01ffa3f9 r4=00000003 r5=00000000 r6=00000003 r7=00000002 r8=00000000 r9=00000000 r10=0017c0b0 r11=00000000 r12=000003b8 sp=02000678 lr=000f6047
# ...55947 --C-T >000f60b4       bne.n    0x000f606a                     r0=020006c8 r1=02000680 r2=00000004 r3=01ffa3f9 r4=00000003 r5=00000000 r6=00000003 r7=00000002 r8=00000000 r9=00000000 r10=0017c0b0 r11=00000000 r12=000003b8 sp=02000678 lr=000f6047
# ...55948 --C-T >000f606a       ldr      r6, [sp, #32]                  r0=020006c8 r1=02000680 r2=00000004 r3=01ffa3f9 r4=00000003 r5=00000000 r6=00000003 r7=00000002 r8=00000000 r9=00000000 r10=0017c0b0 r11=00000000 r12=000003b8 sp=02000678 lr=000f6047
# ...55949 --C-T >000f606c       ldmia    r0!, {r3}                      r0=020006c8 r1=02000680 r2=00000004 r3=01ffa3f9 r4=00000003 r5=00000000 r6=000000aa r7=00000002 r8=00000000 r9=00000000 r10=0017c0b0 r11=00000000 r12=000003b8 sp=02000678 lr=000f6047
# ...55950 --C-T >000f606e       ands     r6, r4                         r0=020006cc r1=02000680 r2=00000004 r3=00003600 r4=00000003 r5=00000000 r6=000000aa r7=00000002 r8=00000000 r9=00000000 r10=0017c0b0 r11=00000000 r12=000003b8 sp=02000678 lr=000f6047
# ...55951 ----T >000f6070       lsrs     r6, r5                         r0=020006cc r1=02000680 r2=00000004 r3=00003600 r4=00000003 r5=00000000 r6=00000002 r7=00000002 r8=00000000 r9=00000000 r10=0017c0b0 r11=00000000 r12=000003b8 sp=02000678 lr=000f6047
# ...55952 ----T >000f6072       adds     r6, r6, #1                     r0=020006cc r1=02000680 r2=00000004 r3=00003600 r4=00000003 r5=00000000 r6=00000002 r7=00000002 r8=00000000 r9=00000000 r10=0017c0b0 r11=00000000 r12=000003b8 sp=02000678 lr=000f6047
# ...55953 ----T >000f6074       cmp      r6, #1                         r0=020006cc r1=02000680 r2=00000004 r3=00003600 r4=00000003 r5=00000000 r6=00000003 r7=00000002 r8=00000000 r9=00000000 r10=0017c0b0 r11=00000000 r12=000003b8 sp=02000678 lr=000f6047
# ...55954 --C-T >000f6076       beq.n    0x000f60a0                     r0=020006cc r1=02000680 r2=00000004 r3=00003600 r4=00000003 r5=00000000 r6=00000003 r7=00000002 r8=00000000 r9=00000000 r10=0017c0b0 r11=00000000 r12=000003b8 sp=02000678 lr=000f6047
# ...55955 --C-T >000f6078       cmp      r6, #2                         r0=020006cc r1=02000680 r2=00000004 r3=00003600 r4=00000003 r5=00000000 r6=00000003 r7=00000002 r8=00000000 r9=00000000 r10=0017c0b0 r11=00000000 r12=000003b8 sp=02000678 lr=000f6047
# ...55956 --C-T >000f607a       beq.n    0x000f6094                     r0=020006cc r1=02000680 r2=00000004 r3=00003600 r4=00000003 r5=00000000 r6=00000003 r7=00000002 r8=00000000 r9=00000000 r10=0017c0b0 r11=00000000 r12=000003b8 sp=02000678 lr=000f6047
# ...55957 --C-T >000f607c       cmp      r6, #4                         r0=020006cc r1=02000680 r2=00000004 r3=00003600 r4=00000003 r5=00000000 r6=00000003 r7=00000002 r8=00000000 r9=00000000 r10=0017c0b0 r11=00000000 r12=000003b8 sp=02000678 lr=000f6047
# ...55958 N---T >000f607e       bne.n    0x000f60aa                     r0=020006cc r1=02000680 r2=00000004 r3=00003600 r4=00000003 r5=00000000 r6=00000003 r7=00000002 r8=00000000 r9=00000000 r10=0017c0b0 r11=00000000 r12=000003b8 sp=02000678 lr=000f6047
# ...55959 N---T >000f60aa       subs     r5, r5, #2                     r0=020006cc r1=02000680 r2=00000004 r3=00003600 r4=00000003 r5=00000000 r6=00000003 r7=00000002 r8=00000000 r9=00000000 r10=0017c0b0 r11=00000000 r12=000003b8 sp=02000678 lr=000f6047
# ...55960 N---T >000f60ac       lsls     r5, r5, #16                    r0=020006cc r1=02000680 r2=00000004 r3=00003600 r4=00000003 r5=fffffffe r6=00000003 r7=00000002 r8=00000000 r9=00000000 r10=0017c0b0 r11=00000000 r12=000003b8 sp=02000678 lr=000f6047
# ...55961 N-C-T >000f60ae       asrs     r5, r5, #16                    r0=020006cc r1=02000680 r2=00000004 r3=00003600 r4=00000003 r5=fffe0000 r6=00000003 r7=00000002 r8=00000000 r9=00000000 r10=0017c0b0 r11=00000000 r12=000003b8 sp=02000678 lr=000f6047
# ...55962 N---T >000f60b0       asrs     r4, r4, #2                     r0=020006cc r1=02000680 r2=00000004 r3=00003600 r4=00000003 r5=fffffffe r6=00000003 r7=00000002 r8=00000000 r9=00000000 r10=0017c0b0 r11=00000000 r12=000003b8 sp=02000678 lr=000f6047
# ...55963 -ZC-T >000f60b2       cmp      r4, #0                         r0=020006cc r1=02000680 r2=00000004 r3=00003600 r4=00000000 r5=fffffffe r6=00000003 r7=00000002 r8=00000000 r9=00000000 r10=0017c0b0 r11=00000000 r12=000003b8 sp=02000678 lr=000f6047
# ...55964 -ZC-T >000f60b4       bne.n    0x000f606a                     r0=020006cc r1=02000680 r2=00000004 r3=00003600 r4=00000000 r5=fffffffe r6=00000003 r7=00000002 r8=00000000 r9=00000000 r10=0017c0b0 r11=00000000 r12=000003b8 sp=02000678 lr=000f6047
# ...55965 -ZC-T >000f60b6       ldr      r0, [sp, #36]                  r0=020006cc r1=02000680 r2=00000004 r3=00003600 r4=00000000 r5=fffffffe r6=00000003 r7=00000002 r8=00000000 r9=00000000 r10=0017c0b0 r11=00000000 r12=000003b8 sp=02000678 lr=000f6047
# ...55966 -ZC-T >000f60b8       mov      r3, sp                         r0=00000000 r1=02000680 r2=00000004 r3=00003600 r4=00000000 r5=fffffffe r6=00000003 r7=00000002 r8=00000000 r9=00000000 r10=0017c0b0 r11=00000000 r12=000003b8 sp=02000678 lr=000f6047
# ...55967 -ZC-T >000f60ba       ldrb     r2, [r3, #8]                   r0=00000000 r1=02000680 r2=00000004 r3=02000678 r4=00000000 r5=fffffffe r6=00000003 r7=00000002 r8=00000000 r9=00000000 r10=0017c0b0 r11=00000000 r12=000003b8 sp=02000678 lr=000f6047
# ...55968 -ZC-T >000f60bc       adds     r0, r0, #4                     r0=00000000 r1=02000680 r2=000000e3 r3=02000678 r4=00000000 r5=fffffffe r6=00000003 r7=00000002 r8=00000000 r9=00000000 r10=0017c0b0 r11=00000000 r12=000003b8 sp=02000678 lr=000f6047
# ...55969 ----T >000f60be       lsls     r0, r0, #24                    r0=00000004 r1=02000680 r2=000000e3 r3=02000678 r4=00000000 r5=fffffffe r6=00000003 r7=00000002 r8=00000000 r9=00000000 r10=0017c0b0 r11=00000000 r12=000003b8 sp=02000678 lr=000f6047
# ...55970 ----T >000f60c0       lsrs     r0, r0, #24                    r0=04000000 r1=02000680 r2=000000e3 r3=02000678 r4=00000000 r5=fffffffe r6=00000003 r7=00000002 r8=00000000 r9=00000000 r10=0017c0b0 r11=00000000 r12=000003b8 sp=02000678 lr=000f6047
# ...55971 ----T >000f60c2       mvns     r2, r2                         r0=00000004 r1=02000680 r2=000000e3 r3=02000678 r4=00000000 r5=fffffffe r6=00000003 r7=00000002 r8=00000000 r9=00000000 r10=0017c0b0 r11=00000000 r12=000003b8 sp=02000678 lr=000f6047
# ...55972 N---T >000f60c4       strb     r2, [r1, r0]                   r0=00000004 r1=02000680 r2=ffffff1c r3=02000678 r4=00000000 r5=fffffffe r6=00000003 r7=00000002 r8=00000000 r9=00000000 r10=0017c0b0 r11=00000000 r12=000003b8 sp=02000678 lr=000f6047
# ...55973 N---T >000f60c6       adds     r0, r0, #1                     r0=00000004 r1=02000680 r2=ffffff1c r3=02000678 r4=00000000 r5=fffffffe r6=00000003 r7=00000002 r8=00000000 r9=00000000 r10=0017c0b0 r11=00000000 r12=000003b8 sp=02000678 lr=000f6047
# ...55974 ----T >000f60c8       lsls     r4, r0, #24                    r0=00000005 r1=02000680 r2=ffffff1c r3=02000678 r4=00000000 r5=fffffffe r6=00000003 r7=00000002 r8=00000000 r9=00000000 r10=0017c0b0 r11=00000000 r12=000003b8 sp=02000678 lr=000f6047
# ...55975 ----T >000f60ca       lsrs     r4, r4, #24                    r0=00000005 r1=02000680 r2=ffffff1c r3=02000678 r4=05000000 r5=fffffffe r6=00000003 r7=00000002 r8=00000000 r9=00000000 r10=0017c0b0 r11=00000000 r12=000003b8 sp=02000678 lr=000f6047
# ...55976 ----T >000f60cc       movs     r1, r4                         r0=00000005 r1=02000680 r2=ffffff1c r3=02000678 r4=00000005 r5=fffffffe r6=00000003 r7=00000002 r8=00000000 r9=00000000 r10=0017c0b0 r11=00000000 r12=000003b8 sp=02000678 lr=000f6047
# ...55977 ----T >000f60ce       add      r0, sp, #8                     r0=00000005 r1=00000005 r2=ffffff1c r3=02000678 r4=00000005 r5=fffffffe r6=00000003 r7=00000002 r8=00000000 r9=00000000 r10=0017c0b0 r11=00000000 r12=000003b8 sp=02000678 lr=000f6047
# ...55978 ----T >000f60d0       bl       0x000d1c58                     r0=02000680 r1=00000005 r2=ffffff1c r3=02000678 r4=00000005 r5=fffffffe r6=00000003 r7=00000002 r8=00000000 r9=00000000 r10=0017c0b0 r11=00000000 r12=000003b8 sp=02000678 lr=000f6047
arm-prefetch [000d1c58]
# ...55979 ----T >000d1c58       push     {r2, r3, r4, r5, r6, r7, lr}   r0=02000680 r1=00000005 r2=ffffff1c r3=02000678 r4=00000005 r5=fffffffe r6=00000003 r7=00000002 r8=00000000 r9=00000000 r10=0017c0b0 r11=00000000 r12=000003b8 sp=02000678 lr=000f60d5
# ...55980 ----T >000d1c5a       mov      ip, r0                         r0=02000680 r1=00000005 r2=ffffff1c r3=02000678 r4=00000005 r5=fffffffe r6=00000003 r7=00000002 r8=00000000 r9=00000000 r10=0017c0b0 r11=00000000 r12=000003b8 sp=0200065c lr=000f60d5
# ...55981 ----T >000d1c5c       ldr      r0, [pc, #428]                 r0=02000680 r1=00000005 r2=ffffff1c r3=02000678 r4=00000005 r5=fffffffe r6=00000003 r7=00000002 r8=00000000 r9=00000000 r10=0017c0b0 r11=00000000 r12=02000680 sp=0200065c lr=000f60d5
arm-prefetch [000d1e0c]
# ...55982 ----T >000d1c5e       movs     r6, r1                         r0=02000d90 r1=00000005 r2=ffffff1c r3=02000678 r4=00000005 r5=fffffffe r6=00000003 r7=00000002 r8=00000000 r9=00000000 r10=0017c0b0 r11=00000000 r12=02000680 sp=0200065c lr=000f60d5
# ...55983 ----T >000d1c60       ldr      r0, [r0, #0]                   r0=02000d90 r1=00000005 r2=ffffff1c r3=02000678 r4=00000005 r5=fffffffe r6=00000005 r7=00000002 r8=00000000 r9=00000000 r10=0017c0b0 r11=00000000 r12=02000680 sp=0200065c lr=000f60d5
# ...55984 ----T >000d1c62       movs     r4, #0                         r0=00000000 r1=00000005 r2=ffffff1c r3=02000678 r4=00000005 r5=fffffffe r6=00000005 r7=00000002 r8=00000000 r9=00000000 r10=0017c0b0 r11=00000000 r12=02000680 sp=0200065c lr=000f60d5
# ...55985 -Z--T >000d1c64       movs     r5, #0                         r0=00000000 r1=00000005 r2=ffffff1c r3=02000678 r4=00000000 r5=fffffffe r6=00000005 r7=00000002 r8=00000000 r9=00000000 r10=0017c0b0 r11=00000000 r12=02000680 sp=0200065c lr=000f60d5
# ...55986 -Z--T >000d1c66       ldr      r7, [pc, #424]                 r0=00000000 r1=00000005 r2=ffffff1c r3=02000678 r4=00000000 r5=00000000 r6=00000005 r7=00000002 r8=00000000 r9=00000000 r10=0017c0b0 r11=00000000 r12=02000680 sp=0200065c lr=000f60d5
# ...55987 -Z--T >000d1c68       str      r0, [sp, #4]                   r0=00000000 r1=00000005 r2=ffffff1c r3=02000678 r4=00000000 r5=00000000 r6=00000005 r7=02000d8c r8=00000000 r9=00000000 r10=0017c0b0 r11=00000000 r12=02000680 sp=0200065c lr=000f60d5
# ...55988 -Z--T >000d1c6a       ldr      r0, [r7, #0]                   r0=00000000 r1=00000005 r2=ffffff1c r3=02000678 r4=00000000 r5=00000000 r6=00000005 r7=02000d8c r8=00000000 r9=00000000 r10=0017c0b0 r11=00000000 r12=02000680 sp=0200065c lr=000f60d5
# ...55989 -Z--T >000d1c6c       ldr      r7, [pc, #420]                 r0=00000000 r1=00000005 r2=ffffff1c r3=02000678 r4=00000000 r5=00000000 r6=00000005 r7=02000d8c r8=00000000 r9=00000000 r10=0017c0b0 r11=00000000 r12=02000680 sp=0200065c lr=000f60d5
# ...55990 -Z--T >000d1c6e       str      r0, [sp, #0]                   r0=00000000 r1=00000005 r2=ffffff1c r3=02000678 r4=00000000 r5=00000000 r6=00000005 r7=02000dd4 r8=00000000 r9=00000000 r10=0017c0b0 r11=00000000 r12=02000680 sp=0200065c lr=000f60d5
# ...55991 -Z--T >000d1c70       ldr      r0, [r7, #0]                   r0=00000000 r1=00000005 r2=ffffff1c r3=02000678 r4=00000000 r5=00000000 r6=00000005 r7=02000dd4 r8=00000000 r9=00000000 r10=0017c0b0 r11=00000000 r12=02000680 sp=0200065c lr=000f60d5
# ...55992 -Z--T >000d1c72       cmp      r0, #0                         r0=0035ef80 r1=00000005 r2=ffffff1c r3=02000678 r4=00000000 r5=00000000 r6=00000005 r7=02000dd4 r8=00000000 r9=00000000 r10=0017c0b0 r11=00000000 r12=02000680 sp=0200065c lr=000f60d5
# ...55993 --C-T >000d1c74       beq.n    0x000d1d62                     r0=0035ef80 r1=00000005 r2=ffffff1c r3=02000678 r4=00000000 r5=00000000 r6=00000005 r7=02000dd4 r8=00000000 r9=00000000 r10=0017c0b0 r11=00000000 r12=02000680 sp=0200065c lr=000f60d5
# ...55994 --C-T >000d1c76       ldr      r1, [pc, #416]                 r0=0035ef80 r1=00000005 r2=ffffff1c r3=02000678 r4=00000000 r5=00000000 r6=00000005 r7=02000dd4 r8=00000000 r9=00000000 r10=0017c0b0 r11=00000000 r12=02000680 sp=0200065c lr=000f60d5
# ...55995 --C-T >000d1c78       ldrb     r0, [r1, #0]                   r0=0035ef80 r1=01ffb783 r2=ffffff1c r3=02000678 r4=00000000 r5=00000000 r6=00000005 r7=02000dd4 r8=00000000 r9=00000000 r10=0017c0b0 r11=00000000 r12=02000680 sp=0200065c lr=000f60d5
# ...55996 --C-T >000d1c7a       lsls     r0, r0, #29                    r0=00000000 r1=01ffb783 r2=ffffff1c r3=02000678 r4=00000000 r5=00000000 r6=00000005 r7=02000dd4 r8=00000000 r9=00000000 r10=0017c0b0 r11=00000000 r12=02000680 sp=0200065c lr=000f60d5
# ...55997 -Z--T >000d1c7c       bpl.n    0x000d1d62                     r0=00000000 r1=01ffb783 r2=ffffff1c r3=02000678 r4=00000000 r5=00000000 r6=00000005 r7=02000dd4 r8=00000000 r9=00000000 r10=0017c0b0 r11=00000000 r12=02000680 sp=0200065c lr=000f60d5
arm-prefetch [000d1d62]
# ...55998 -Z--T >000d1d62       b.n      0x000d1da6                     r0=00000000 r1=01ffb783 r2=ffffff1c r3=02000678 r4=00000000 r5=00000000 r6=00000005 r7=02000dd4 r8=00000000 r9=00000000 r10=0017c0b0 r11=00000000 r12=02000680 sp=0200065c lr=000f60d5
# ...55999 -Z--T >000d1da6       pop      {r2, r3, r4, r5, r6, r7, pc}   r0=00000000 r1=01ffb783 r2=ffffff1c r3=02000678 r4=00000000 r5=00000000 r6=00000005 r7=02000dd4 r8=00000000 r9=00000000 r10=0017c0b0 r11=00000000 r12=02000680 sp=0200065c lr=000f60d5
# ...56000 -Z--T >000f60d4       movs     r1, r4                         r0=00000000 r1=01ffb783 r2=00000000 r3=00000000 r4=00000005 r5=fffffffe r6=00000003 r7=00000002 r8=00000000 r9=00000000 r10=0017c0b0 r11=00000000 r12=02000680 sp=02000678 lr=000f60d5
# ...56001 ----T >000f60d6       add      r0, sp, #8                     r0=00000000 r1=00000005 r2=00000000 r3=00000000 r4=00000005 r5=fffffffe r6=00000003 r7=00000002 r8=00000000 r9=00000000 r10=0017c0b0 r11=00000000 r12=02000680 sp=02000678 lr=000f60d5
# ...56002 ----T >000f60d8       bl       0x00055a50                     r0=02000680 r1=00000005 r2=00000000 r3=00000000 r4=00000005 r5=fffffffe r6=00000003 r7=00000002 r8=00000000 r9=00000000 r10=0017c0b0 r11=00000000 r12=02000680 sp=02000678 lr=000f60d5
arm-prefetch [00055a50]
# ...56003 ----T >00055a50       push     {r4, r5, r6, lr}               r0=02000680 r1=00000005 r2=00000000 r3=00000000 r4=00000005 r5=fffffffe r6=00000003 r7=00000002 r8=00000000 r9=00000000 r10=0017c0b0 r11=00000000 r12=02000680 sp=02000678 lr=000f60dd
# ...56004 ----T >00055a52       movs     r5, r0                         r0=02000680 r1=00000005 r2=00000000 r3=00000000 r4=00000005 r5=fffffffe r6=00000003 r7=00000002 r8=00000000 r9=00000000 r10=0017c0b0 r11=00000000 r12=02000680 sp=02000668 lr=000f60dd
# ...56005 ----T >00055a54       movs     r4, r1                         r0=02000680 r1=00000005 r2=00000000 r3=00000000 r4=00000005 r5=02000680 r6=00000003 r7=00000002 r8=00000000 r9=00000000 r10=0017c0b0 r11=00000000 r12=02000680 sp=02000668 lr=000f60dd
# ...56006 ----T >00055a56       movs     r0, #192                       r0=02000680 r1=00000005 r2=00000000 r3=00000000 r4=00000005 r5=02000680 r6=00000003 r7=00000002 r8=00000000 r9=00000000 r10=0017c0b0 r11=00000000 r12=02000680 sp=02000668 lr=000f60dd
# ...56007 ----T >00055a58       blx      0x000002bc                     r0=000000c0 r1=00000005 r2=00000000 r3=00000000 r4=00000005 r5=02000680 r6=00000003 r7=00000002 r8=00000000 r9=00000000 r10=0017c0b0 r11=00000000 r12=02000680 sp=02000668 lr=000f60dd
# ...56008 ----- >000002bc       mov      r1, r0                         r0=000000c0 r1=00000005 r2=00000000 r3=00000000 r4=00000005 r5=02000680 r6=00000003 r7=00000002 r8=00000000 r9=00000000 r10=0017c0b0 r11=00000000 r12=02000680 sp=02000668 lr=00055a5d
# ...56009 ----- >000002c0       mrs      r0, CPSR                       r0=000000c0 r1=000000c0 r2=00000000 r3=00000000 r4=00000005 r5=02000680 r6=00000003 r7=00000002 r8=00000000 r9=00000000 r10=0017c0b0 r11=00000000 r12=02000680 sp=02000668 lr=00055a5d
# ...56010 ----- >000002c4       orr      r1, r0, r1                     r0=5d5d5d5d r1=000000c0 r2=00000000 r3=00000000 r4=00000005 r5=02000680 r6=00000003 r7=00000002 r8=00000000 r9=00000000 r10=0017c0b0 r11=00000000 r12=02000680 sp=02000668 lr=00055a5d
# ...56011 ----- >000002c8       msr      CPSR_c, r1                     r0=5d5d5d5d r1=5d5d5ddd r2=00000000 r3=00000000 r4=00000005 r5=02000680 r6=00000003 r7=00000002 r8=00000000 r9=00000000 r10=0017c0b0 r11=00000000 r12=02000680 sp=02000668 lr=00055a5d
# ...56012 ----- >000002cc       bx       lr                             r0=5d5d5d5d r1=5d5d5ddd r2=00000000 r3=00000000 r4=00000005 r5=02000680 r6=00000003 r7=00000002 r8=00000000 r9=00000000 r10=0017c0b0 r11=00000000 r12=02000680 sp=02000668 lr=00055a5d
# ...56013 ----T >00055a5c       ldr      r6, [pc, #132]                 r0=5d5d5d5d r1=5d5d5ddd r2=00000000 r3=00000000 r4=00000005 r5=02000680 r6=00000003 r7=00000002 r8=00000000 r9=00000000 r10=0017c0b0 r11=00000000 r12=02000680 sp=02000668 lr=00055a5d
# ...56014 ----T >00055a5e       movs     r1, #0                         r0=5d5d5d5d r1=5d5d5ddd r2=00000000 r3=00000000 r4=00000005 r5=02000680 r6=04010000 r7=00000002 r8=00000000 r9=00000000 r10=0017c0b0 r11=00000000 r12=02000680 sp=02000668 lr=00055a5d
# ...56015 -Z--T >00055a60       ldr      r2, [r6, #8]                   r0=5d5d5d5d r1=00000000 r2=00000000 r3=00000000 r4=00000005 r5=02000680 r6=04010000 r7=00000002 r8=00000000 r9=00000000 r10=0017c0b0 r11=00000000 r12=02000680 sp=02000668 lr=00055a5d
arm-mem-LOAD  word[04010008] -> 0000f014
# ...56016 -Z--T >00055a62       lsls     r2, r2, #23                    r0=5d5d5d5d r1=00000000 r2=0000f014 r3=00000000 r4=00000005 r5=02000680 r6=04010000 r7=00000002 r8=00000000 r9=00000000 r10=0017c0b0 r11=00000000 r12=02000680 sp=02000668 lr=00055a5d
# ...56017 ----T >00055a64       bmi.n    0x00055a60                     r0=5d5d5d5d r1=00000000 r2=0a000000 r3=00000000 r4=00000005 r5=02000680 r6=04010000 r7=00000002 r8=00000000 r9=00000000 r10=0017c0b0 r11=00000000 r12=02000680 sp=02000668 lr=00055a5d
# ...56018 ----T >00055a66       movs     r2, #1                         r0=5d5d5d5d r1=00000000 r2=0a000000 r3=00000000 r4=00000005 r5=02000680 r6=04010000 r7=00000002 r8=00000000 r9=00000000 r10=0017c0b0 r11=00000000 r12=02000680 sp=02000668 lr=00055a5d
# ...56019 ----T >00055a68       b.n      0x00055a8e                     r0=5d5d5d5d r1=00000000 r2=00000001 r3=00000000 r4=00000005 r5=02000680 r6=04010000 r7=00000002 r8=00000000 r9=00000000 r10=0017c0b0 r11=00000000 r12=02000680 sp=02000668 lr=00055a5d
# ...56020 ----T >00055a8e       cmp      r1, r4                         r0=5d5d5d5d r1=00000000 r2=00000001 r3=00000000 r4=00000005 r5=02000680 r6=04010000 r7=00000002 r8=00000000 r9=00000000 r10=0017c0b0 r11=00000000 r12=02000680 sp=02000668 lr=00055a5d
# ...56021 N---T >00055a90       blt.n    0x00055a6a                     r0=5d5d5d5d r1=00000000 r2=00000001 r3=00000000 r4=00000005 r5=02000680 r6=04010000 r7=00000002 r8=00000000 r9=00000000 r10=0017c0b0 r11=00000000 r12=02000680 sp=02000668 lr=00055a5d
# ...56022 N---T >00055a6a       movs     r3, r1                         r0=5d5d5d5d r1=00000000 r2=00000001 r3=00000000 r4=00000005 r5=02000680 r6=04010000 r7=00000002 r8=00000000 r9=00000000 r10=0017c0b0 r11=00000000 r12=02000680 sp=02000668 lr=00055a5d
# ...56023 -Z--T >00055a6c       ldrb     r3, [r5, r3]                   r0=5d5d5d5d r1=00000000 r2=00000001 r3=00000000 r4=00000005 r5=02000680 r6=04010000 r7=00000002 r8=00000000 r9=00000000 r10=0017c0b0 r11=00000000 r12=02000680 sp=02000668 lr=00055a5d
# ...56024 -Z--T >00055a6e       adds     r1, r1, #1                     r0=5d5d5d5d r1=00000000 r2=00000001 r3=000000e3 r4=00000005 r5=02000680 r6=04010000 r7=00000002 r8=00000000 r9=00000000 r10=0017c0b0 r11=00000000 r12=02000680 sp=02000668 lr=00055a5d
# ...56025 ----T >00055a70       lsls     r1, r1, #16                    r0=5d5d5d5d r1=00000001 r2=00000001 r3=000000e3 r4=00000005 r5=02000680 r6=04010000 r7=00000002 r8=00000000 r9=00000000 r10=0017c0b0 r11=00000000 r12=02000680 sp=02000668 lr=00055a5d
# ...56026 ----T >00055a72       asrs     r1, r1, #16                    r0=5d5d5d5d r1=00010000 r2=00000001 r3=000000e3 r4=00000005 r5=02000680 r6=04010000 r7=00000002 r8=00000000 r9=00000000 r10=0017c0b0 r11=00000000 r12=02000680 sp=02000668 lr=00055a5d
# ...56027 ----T >00055a74       strb     r3, [r6, #0]                   r0=5d5d5d5d r1=00000001 r2=00000001 r3=000000e3 r4=00000005 r5=02000680 r6=04010000 r7=00000002 r8=00000000 r9=00000000 r10=0017c0b0 r11=00000000 r12=02000680 sp=02000668 lr=00055a5d
# ...56028 ----T >00055a76       lsls     r3, r1, #28                    r0=5d5d5d5d r1=00000001 r2=00000001 r3=000000e3 r4=00000005 r5=02000680 r6=04010000 r7=00000002 r8=00000000 r9=00000000 r10=0017c0b0 r11=00000000 r12=02000680 sp=02000668 lr=00055a5d
# ...56029 ----T >00055a78       beq.n    0x00055a7e                     r0=5d5d5d5d r1=00000001 r2=00000001 r3=10000000 r4=00000005 r5=02000680 r6=04010000 r7=00000002 r8=00000000 r9=00000000 r10=0017c0b0 r11=00000000 r12=02000680 sp=02000668 lr=00055a5d
# ...56030 ----T >00055a7a       cmp      r1, r4                         r0=5d5d5d5d r1=00000001 r2=00000001 r3=10000000 r4=00000005 r5=02000680 r6=04010000 r7=00000002 r8=00000000 r9=00000000 r10=0017c0b0 r11=00000000 r12=02000680 sp=02000668 lr=00055a5d
# ...56031 N---T >00055a7c       bne.n    0x00055a8e                     r0=5d5d5d5d r1=00000001 r2=00000001 r3=10000000 r4=00000005 r5=02000680 r6=04010000 r7=00000002 r8=00000000 r9=00000000 r10=0017c0b0 r11=00000000 r12=02000680 sp=02000668 lr=00055a5d
# ...56032 N---T >00055a8e       cmp      r1, r4                         r0=5d5d5d5d r1=00000001 r2=00000001 r3=10000000 r4=00000005 r5=02000680 r6=04010000 r7=00000002 r8=00000000 r9=00000000 r10=0017c0b0 r11=00000000 r12=02000680 sp=02000668 lr=00055a5d
# ...56033 N---T >00055a90       blt.n    0x00055a6a                     r0=5d5d5d5d r1=00000001 r2=00000001 r3=10000000 r4=00000005 r5=02000680 r6=04010000 r7=00000002 r8=00000000 r9=00000000 r10=0017c0b0 r11=00000000 r12=02000680 sp=02000668 lr=00055a5d
# ...56034 N---T >00055a6a       movs     r3, r1                         r0=5d5d5d5d r1=00000001 r2=00000001 r3=10000000 r4=00000005 r5=02000680 r6=04010000 r7=00000002 r8=00000000 r9=00000000 r10=0017c0b0 r11=00000000 r12=02000680 sp=02000668 lr=00055a5d
# ...56035 ----T >00055a6c       ldrb     r3, [r5, r3]                   r0=5d5d5d5d r1=00000001 r2=00000001 r3=00000001 r4=00000005 r5=02000680 r6=04010000 r7=00000002 r8=00000000 r9=00000000 r10=0017c0b0 r11=00000000 r12=02000680 sp=02000668 lr=00055a5d
# ...56036 ----T >00055a6e       adds     r1, r1, #1                     r0=5d5d5d5d r1=00000001 r2=00000001 r3=00000014 r4=00000005 r5=02000680 r6=04010000 r7=00000002 r8=00000000 r9=00000000 r10=0017c0b0 r11=00000000 r12=02000680 sp=02000668 lr=00055a5d
# ...56037 ----T >00055a70       lsls     r1, r1, #16                    r0=5d5d5d5d r1=00000002 r2=00000001 r3=00000014 r4=00000005 r5=02000680 r6=04010000 r7=00000002 r8=00000000 r9=00000000 r10=0017c0b0 r11=00000000 r12=02000680 sp=02000668 lr=00055a5d
# ...56038 ----T >00055a72       asrs     r1, r1, #16                    r0=5d5d5d5d r1=00020000 r2=00000001 r3=00000014 r4=00000005 r5=02000680 r6=04010000 r7=00000002 r8=00000000 r9=00000000 r10=0017c0b0 r11=00000000 r12=02000680 sp=02000668 lr=00055a5d
# ...56039 ----T >00055a74       strb     r3, [r6, #0]                   r0=5d5d5d5d r1=00000002 r2=00000001 r3=00000014 r4=00000005 r5=02000680 r6=04010000 r7=00000002 r8=00000000 r9=00000000 r10=0017c0b0 r11=00000000 r12=02000680 sp=02000668 lr=00055a5d
arm-mem-STORE byte[04010000] <- 000000e3 
# ...56040 ----T >00055a76       lsls     r3, r1, #28                    r0=5d5d5d5d r1=00000002 r2=00000001 r3=00000014 r4=00000005 r5=02000680 r6=04010000 r7=00000002 r8=00000000 r9=00000000 r10=0017c0b0 r11=00000000 r12=02000680 sp=02000668 lr=00055a5d
# ...56041 ----T >00055a78       beq.n    0x00055a7e                     r0=5d5d5d5d r1=00000002 r2=00000001 r3=20000000 r4=00000005 r5=02000680 r6=04010000 r7=00000002 r8=00000000 r9=00000000 r10=0017c0b0 r11=00000000 r12=02000680 sp=02000668 lr=00055a5d
# ...56042 ----T >00055a7a       cmp      r1, r4                         r0=5d5d5d5d r1=00000002 r2=00000001 r3=20000000 r4=00000005 r5=02000680 r6=04010000 r7=00000002 r8=00000000 r9=00000000 r10=0017c0b0 r11=00000000 r12=02000680 sp=02000668 lr=00055a5d
# ...56043 N---T >00055a7c       bne.n    0x00055a8e                     r0=5d5d5d5d r1=00000002 r2=00000001 r3=20000000 r4=00000005 r5=02000680 r6=04010000 r7=00000002 r8=00000000 r9=00000000 r10=0017c0b0 r11=00000000 r12=02000680 sp=02000668 lr=00055a5d
# ...56044 N---T >00055a8e       cmp      r1, r4                         r0=5d5d5d5d r1=00000002 r2=00000001 r3=20000000 r4=00000005 r5=02000680 r6=04010000 r7=00000002 r8=00000000 r9=00000000 r10=0017c0b0 r11=00000000 r12=02000680 sp=02000668 lr=00055a5d
# ...56045 N---T >00055a90       blt.n    0x00055a6a                     r0=5d5d5d5d r1=00000002 r2=00000001 r3=20000000 r4=00000005 r5=02000680 r6=04010000 r7=00000002 r8=00000000 r9=00000000 r10=0017c0b0 r11=00000000 r12=02000680 sp=02000668 lr=00055a5d
# ...56046 N---T >00055a6a       movs     r3, r1                         r0=5d5d5d5d r1=00000002 r2=00000001 r3=20000000 r4=00000005 r5=02000680 r6=04010000 r7=00000002 r8=00000000 r9=00000000 r10=0017c0b0 r11=00000000 r12=02000680 sp=02000668 lr=00055a5d
# ...56047 ----T >00055a6c       ldrb     r3, [r5, r3]                   r0=5d5d5d5d r1=00000002 r2=00000001 r3=00000002 r4=00000005 r5=02000680 r6=04010000 r7=00000002 r8=00000000 r9=00000000 r10=0017c0b0 r11=00000000 r12=02000680 sp=02000668 lr=00055a5d
# ...56048 ----T >00055a6e       adds     r1, r1, #1                     r0=5d5d5d5d r1=00000002 r2=00000001 r3=0000001a r4=00000005 r5=02000680 r6=04010000 r7=00000002 r8=00000000 r9=00000000 r10=0017c0b0 r11=00000000 r12=02000680 sp=02000668 lr=00055a5d
# ...56049 ----T >00055a70       lsls     r1, r1, #16                    r0=5d5d5d5d r1=00000003 r2=00000001 r3=0000001a r4=00000005 r5=02000680 r6=04010000 r7=00000002 r8=00000000 r9=00000000 r10=0017c0b0 r11=00000000 r12=02000680 sp=02000668 lr=00055a5d
# ...56050 ----T >00055a72       asrs     r1, r1, #16                    r0=5d5d5d5d r1=00030000 r2=00000001 r3=0000001a r4=00000005 r5=02000680 r6=04010000 r7=00000002 r8=00000000 r9=00000000 r10=0017c0b0 r11=00000000 r12=02000680 sp=02000668 lr=00055a5d
# ...56051 ----T >00055a74       strb     r3, [r6, #0]                   r0=5d5d5d5d r1=00000003 r2=00000001 r3=0000001a r4=00000005 r5=02000680 r6=04010000 r7=00000002 r8=00000000 r9=00000000 r10=0017c0b0 r11=00000000 r12=02000680 sp=02000668 lr=00055a5d
arm-mem-STORE byte[04010000] <- 00000014 
# ...56052 ----T >00055a76       lsls     r3, r1, #28                    r0=5d5d5d5d r1=00000003 r2=00000001 r3=0000001a r4=00000005 r5=02000680 r6=04010000 r7=00000002 r8=00000000 r9=00000000 r10=0017c0b0 r11=00000000 r12=02000680 sp=02000668 lr=00055a5d
# ...56053 ----T >00055a78       beq.n    0x00055a7e                     r0=5d5d5d5d r1=00000003 r2=00000001 r3=30000000 r4=00000005 r5=02000680 r6=04010000 r7=00000002 r8=00000000 r9=00000000 r10=0017c0b0 r11=00000000 r12=02000680 sp=02000668 lr=00055a5d
# ...56054 ----T >00055a7a       cmp      r1, r4                         r0=5d5d5d5d r1=00000003 r2=00000001 r3=30000000 r4=00000005 r5=02000680 r6=04010000 r7=00000002 r8=00000000 r9=00000000 r10=0017c0b0 r11=00000000 r12=02000680 sp=02000668 lr=00055a5d
# ...56055 N---T >00055a7c       bne.n    0x00055a8e                     r0=5d5d5d5d r1=00000003 r2=00000001 r3=30000000 r4=00000005 r5=02000680 r6=04010000 r7=00000002 r8=00000000 r9=00000000 r10=0017c0b0 r11=00000000 r12=02000680 sp=02000668 lr=00055a5d
# ...56056 N---T >00055a8e       cmp      r1, r4                         r0=5d5d5d5d r1=00000003 r2=00000001 r3=30000000 r4=00000005 r5=02000680 r6=04010000 r7=00000002 r8=00000000 r9=00000000 r10=0017c0b0 r11=00000000 r12=02000680 sp=02000668 lr=00055a5d
# ...56057 N---T >00055a90       blt.n    0x00055a6a                     r0=5d5d5d5d r1=00000003 r2=00000001 r3=30000000 r4=00000005 r5=02000680 r6=04010000 r7=00000002 r8=00000000 r9=00000000 r10=0017c0b0 r11=00000000 r12=02000680 sp=02000668 lr=00055a5d
# ...56058 N---T >00055a6a       movs     r3, r1                         r0=5d5d5d5d r1=00000003 r2=00000001 r3=30000000 r4=00000005 r5=02000680 r6=04010000 r7=00000002 r8=00000000 r9=00000000 r10=0017c0b0 r11=00000000 r12=02000680 sp=02000668 lr=00055a5d
# ...56059 ----T >00055a6c       ldrb     r3, [r5, r3]                   r0=5d5d5d5d r1=00000003 r2=00000001 r3=00000003 r4=00000005 r5=02000680 r6=04010000 r7=00000002 r8=00000000 r9=00000000 r10=0017c0b0 r11=00000000 r12=02000680 sp=02000668 lr=00055a5d
# ...56060 ----T >00055a6e       adds     r1, r1, #1                     r0=5d5d5d5d r1=00000003 r2=00000001 r3=000000aa r4=00000005 r5=02000680 r6=04010000 r7=00000002 r8=00000000 r9=00000000 r10=0017c0b0 r11=00000000 r12=02000680 sp=02000668 lr=00055a5d
# ...56061 ----T >00055a70       lsls     r1, r1, #16                    r0=5d5d5d5d r1=00000004 r2=00000001 r3=000000aa r4=00000005 r5=02000680 r6=04010000 r7=00000002 r8=00000000 r9=00000000 r10=0017c0b0 r11=00000000 r12=02000680 sp=02000668 lr=00055a5d
# ...56062 ----T >00055a72       asrs     r1, r1, #16                    r0=5d5d5d5d r1=00040000 r2=00000001 r3=000000aa r4=00000005 r5=02000680 r6=04010000 r7=00000002 r8=00000000 r9=00000000 r10=0017c0b0 r11=00000000 r12=02000680 sp=02000668 lr=00055a5d
# ...56063 ----T >00055a74       strb     r3, [r6, #0]                   r0=5d5d5d5d r1=00000004 r2=00000001 r3=000000aa r4=00000005 r5=02000680 r6=04010000 r7=00000002 r8=00000000 r9=00000000 r10=0017c0b0 r11=00000000 r12=02000680 sp=02000668 lr=00055a5d
arm-mem-STORE byte[04010000] <- 0000001a 
# ...56064 ----T >00055a76       lsls     r3, r1, #28                    r0=5d5d5d5d r1=00000004 r2=00000001 r3=000000aa r4=00000005 r5=02000680 r6=04010000 r7=00000002 r8=00000000 r9=00000000 r10=0017c0b0 r11=00000000 r12=02000680 sp=02000668 lr=00055a5d
# ...56065 ----T >00055a78       beq.n    0x00055a7e                     r0=5d5d5d5d r1=00000004 r2=00000001 r3=40000000 r4=00000005 r5=02000680 r6=04010000 r7=00000002 r8=00000000 r9=00000000 r10=0017c0b0 r11=00000000 r12=02000680 sp=02000668 lr=00055a5d
# ...56066 ----T >00055a7a       cmp      r1, r4                         r0=5d5d5d5d r1=00000004 r2=00000001 r3=40000000 r4=00000005 r5=02000680 r6=04010000 r7=00000002 r8=00000000 r9=00000000 r10=0017c0b0 r11=00000000 r12=02000680 sp=02000668 lr=00055a5d
# ...56067 N---T >00055a7c       bne.n    0x00055a8e                     r0=5d5d5d5d r1=00000004 r2=00000001 r3=40000000 r4=00000005 r5=02000680 r6=04010000 r7=00000002 r8=00000000 r9=00000000 r10=0017c0b0 r11=00000000 r12=02000680 sp=02000668 lr=00055a5d
# ...56068 N---T >00055a8e       cmp      r1, r4                         r0=5d5d5d5d r1=00000004 r2=00000001 r3=40000000 r4=00000005 r5=02000680 r6=04010000 r7=00000002 r8=00000000 r9=00000000 r10=0017c0b0 r11=00000000 r12=02000680 sp=02000668 lr=00055a5d
# ...56069 N---T >00055a90       blt.n    0x00055a6a                     r0=5d5d5d5d r1=00000004 r2=00000001 r3=40000000 r4=00000005 r5=02000680 r6=04010000 r7=00000002 r8=00000000 r9=00000000 r10=0017c0b0 r11=00000000 r12=02000680 sp=02000668 lr=00055a5d
# ...56070 N---T >00055a6a       movs     r3, r1                         r0=5d5d5d5d r1=00000004 r2=00000001 r3=40000000 r4=00000005 r5=02000680 r6=04010000 r7=00000002 r8=00000000 r9=00000000 r10=0017c0b0 r11=00000000 r12=02000680 sp=02000668 lr=00055a5d
# ...56071 ----T >00055a6c       ldrb     r3, [r5, r3]                   r0=5d5d5d5d r1=00000004 r2=00000001 r3=00000004 r4=00000005 r5=02000680 r6=04010000 r7=00000002 r8=00000000 r9=00000000 r10=0017c0b0 r11=00000000 r12=02000680 sp=02000668 lr=00055a5d
# ...56072 ----T >00055a6e       adds     r1, r1, #1                     r0=5d5d5d5d r1=00000004 r2=00000001 r3=0000001c r4=00000005 r5=02000680 r6=04010000 r7=00000002 r8=00000000 r9=00000000 r10=0017c0b0 r11=00000000 r12=02000680 sp=02000668 lr=00055a5d
# ...56073 ----T >00055a70       lsls     r1, r1, #16                    r0=5d5d5d5d r1=00000005 r2=00000001 r3=0000001c r4=00000005 r5=02000680 r6=04010000 r7=00000002 r8=00000000 r9=00000000 r10=0017c0b0 r11=00000000 r12=02000680 sp=02000668 lr=00055a5d
# ...56074 ----T >00055a72       asrs     r1, r1, #16                    r0=5d5d5d5d r1=00050000 r2=00000001 r3=0000001c r4=00000005 r5=02000680 r6=04010000 r7=00000002 r8=00000000 r9=00000000 r10=0017c0b0 r11=00000000 r12=02000680 sp=02000668 lr=00055a5d
# ...56075 ----T >00055a74       strb     r3, [r6, #0]                   r0=5d5d5d5d r1=00000005 r2=00000001 r3=0000001c r4=00000005 r5=02000680 r6=04010000 r7=00000002 r8=00000000 r9=00000000 r10=0017c0b0 r11=00000000 r12=02000680 sp=02000668 lr=00055a5d
arm-mem-STORE byte[04010000] <- 000000aa 
# ...56076 ----T >00055a76       lsls     r3, r1, #28                    r0=5d5d5d5d r1=00000005 r2=00000001 r3=0000001c r4=00000005 r5=02000680 r6=04010000 r7=00000002 r8=00000000 r9=00000000 r10=0017c0b0 r11=00000000 r12=02000680 sp=02000668 lr=00055a5d
# ...56077 ----T >00055a78       beq.n    0x00055a7e                     r0=5d5d5d5d r1=00000005 r2=00000001 r3=50000000 r4=00000005 r5=02000680 r6=04010000 r7=00000002 r8=00000000 r9=00000000 r10=0017c0b0 r11=00000000 r12=02000680 sp=02000668 lr=00055a5d
# ...56078 ----T >00055a7a       cmp      r1, r4                         r0=5d5d5d5d r1=00000005 r2=00000001 r3=50000000 r4=00000005 r5=02000680 r6=04010000 r7=00000002 r8=00000000 r9=00000000 r10=0017c0b0 r11=00000000 r12=02000680 sp=02000668 lr=00055a5d
# ...56079 -ZC-T >00055a7c       bne.n    0x00055a8e                     r0=5d5d5d5d r1=00000005 r2=00000001 r3=50000000 r4=00000005 r5=02000680 r6=04010000 r7=00000002 r8=00000000 r9=00000000 r10=0017c0b0 r11=00000000 r12=02000680 sp=02000668 lr=00055a5d
# ...56080 -ZC-T >00055a7e       ldrb     r3, [r6, #9]                   r0=5d5d5d5d r1=00000005 r2=00000001 r3=50000000 r4=00000005 r5=02000680 r6=04010000 r7=00000002 r8=00000000 r9=00000000 r10=0017c0b0 r11=00000000 r12=02000680 sp=02000668 lr=00055a5d
arm-mem-STORE byte[04010000] <- 0000001c 
arm-mem-LOAD  byte[04010009] -> 000000f0
# ...56081 -ZC-T >00055a80       orrs     r3, r2                         r0=5d5d5d5d r1=00000005 r2=00000001 r3=000000f0 r4=00000005 r5=02000680 r6=04010000 r7=00000002 r8=00000000 r9=00000000 r10=0017c0b0 r11=00000000 r12=02000680 sp=02000668 lr=00055a5d
# ...56082 ----T >00055a82       strb     r3, [r6, #9]                   r0=5d5d5d5d r1=00000005 r2=00000001 r3=000000f1 r4=00000005 r5=02000680 r6=04010000 r7=00000002 r8=00000000 r9=00000000 r10=0017c0b0 r11=00000000 r12=02000680 sp=02000668 lr=00055a5d
# ...56083 ----T >00055a84       cmp      r1, r4                         r0=5d5d5d5d r1=00000005 r2=00000001 r3=000000f1 r4=00000005 r5=02000680 r6=04010000 r7=00000002 r8=00000000 r9=00000000 r10=0017c0b0 r11=00000000 r12=02000680 sp=02000668 lr=00055a5d
# ...56084 -ZC-T >00055a86       beq.n    0x00055a8e                     r0=5d5d5d5d r1=00000005 r2=00000001 r3=000000f1 r4=00000005 r5=02000680 r6=04010000 r7=00000002 r8=00000000 r9=00000000 r10=0017c0b0 r11=00000000 r12=02000680 sp=02000668 lr=00055a5d
# ...56085 -ZC-T >00055a8e       cmp      r1, r4                         r0=5d5d5d5d r1=00000005 r2=00000001 r3=000000f1 r4=00000005 r5=02000680 r6=04010000 r7=00000002 r8=00000000 r9=00000000 r10=0017c0b0 r11=00000000 r12=02000680 sp=02000668 lr=00055a5d
# ...56086 -ZC-T >00055a90       blt.n    0x00055a6a                     r0=5d5d5d5d r1=00000005 r2=00000001 r3=000000f1 r4=00000005 r5=02000680 r6=04010000 r7=00000002 r8=00000000 r9=00000000 r10=0017c0b0 r11=00000000 r12=02000680 sp=02000668 lr=00055a5d
# ...56087 -ZC-T >00055a92       blx      0x000002b4                     r0=5d5d5d5d r1=00000005 r2=00000001 r3=000000f1 r4=00000005 r5=02000680 r6=04010000 r7=00000002 r8=00000000 r9=00000000 r10=0017c0b0 r11=00000000 r12=02000680 sp=02000668 lr=00055a5d
# ...56088 -ZC-- >000002b4       msr      CPSR_c, r0                     r0=5d5d5d5d r1=00000005 r2=00000001 r3=000000f1 r4=00000005 r5=02000680 r6=04010000 r7=00000002 r8=00000000 r9=00000000 r10=0017c0b0 r11=00000000 r12=02000680 sp=02000668 lr=00055a97
# ...56089 -ZC-- >000002b8       bx       lr                             r0=5d5d5d5d r1=00000005 r2=00000001 r3=000000f1 r4=00000005 r5=02000680 r6=04010000 r7=00000002 r8=00000000 r9=00000000 r10=0017c0b0 r11=00000000 r12=02000680 sp=02000668 lr=00055a97
# ...56090 -ZC-T >00055a96       pop      {r4, r5, r6, pc}               r0=5d5d5d5d r1=00000005 r2=00000001 r3=000000f1 r4=00000005 r5=02000680 r6=04010000 r7=00000002 r8=00000000 r9=00000000 r10=0017c0b0 r11=00000000 r12=02000680 sp=02000668 lr=00055a97
# ...56091 -ZC-T >000f60dc       ldr      r0, [sp, #4]                   r0=5d5d5d5d r1=00000005 r2=00000001 r3=000000f1 r4=00000005 r5=fffffffe r6=00000003 r7=00000002 r8=00000000 r9=00000000 r10=0017c0b0 r11=00000000 r12=02000680 sp=02000678 lr=00055a97
# ...56092 -ZC-T >000f60de       blx      0x000002b4                     r0=5d5d5d5d r1=00000005 r2=00000001 r3=000000f1 r4=00000005 r5=fffffffe r6=00000003 r7=00000002 r8=00000000 r9=00000000 r10=0017c0b0 r11=00000000 r12=02000680 sp=02000678 lr=00055a97
# ...56093 -ZC-- >000002b4       msr      CPSR_c, r0                     r0=5d5d5d5d r1=00000005 r2=00000001 r3=000000f1 r4=00000005 r5=fffffffe r6=00000003 r7=00000002 r8=00000000 r9=00000000 r10=0017c0b0 r11=00000000 r12=02000680 sp=02000678 lr=000f60e3
# ...56094 -ZC-- >000002b8       bx       lr                             r0=5d5d5d5d r1=00000005 r2=00000001 r3=000000f1 r4=00000005 r5=fffffffe r6=00000003 r7=00000002 r8=00000000 r9=00000000 r10=0017c0b0 r11=00000000 r12=02000680 sp=02000678 lr=000f60e3
# ...56095 -ZC-T >000f60e2       add      sp, #44                        r0=5d5d5d5d r1=00000005 r2=00000001 r3=000000f1 r4=00000005 r5=fffffffe r6=00000003 r7=00000002 r8=00000000 r9=00000000 r10=0017c0b0 r11=00000000 r12=02000680 sp=02000678 lr=000f60e3
# ...56096 -ZC-T >000f60e4       pop      {r4, r5, r6, r7}               r0=5d5d5d5d r1=00000005 r2=00000001 r3=000000f1 r4=00000005 r5=fffffffe r6=00000003 r7=00000002 r8=00000000 r9=00000000 r10=0017c0b0 r11=00000000 r12=02000680 sp=020006a4 lr=000f60e3
# ...56097 -ZC-T >000f60e6       pop      {r3}                           r0=5d5d5d5d r1=00000005 r2=00000001 r3=000000f1 r4=00000001 r5=00000000 r6=000000f7 r7=00000002 r8=00000000 r9=00000000 r10=0017c0b0 r11=00000000 r12=02000680 sp=020006b4 lr=000f60e3
# ...56098 -ZC-T >000f60e8       add      sp, #16                        r0=5d5d5d5d r1=00000005 r2=00000001 r3=0009a0c1 r4=00000001 r5=00000000 r6=000000f7 r7=00000002 r8=00000000 r9=00000000 r10=0017c0b0 r11=00000000 r12=02000680 sp=020006b8 lr=000f60e3
# ...56099 -ZC-T >000f60ea       bx       r3                             r0=5d5d5d5d r1=00000005 r2=00000001 r3=0009a0c1 r4=00000001 r5=00000000 r6=000000f7 r7=00000002 r8=00000000 r9=00000000 r10=0017c0b0 r11=00000000 r12=02000680 sp=020006c8 lr=000f60e3
# ...56100 -ZC-T >0009a0c0       ldr      r0, [pc, #616]                 r0=5d5d5d5d r1=00000005 r2=00000001 r3=0009a0c1 r4=00000001 r5=00000000 r6=000000f7 r7=00000002 r8=00000000 r9=00000000 r10=0017c0b0 r11=00000000 r12=02000680 sp=020006c8 lr=000f60e3
# ...56101 -ZC-T >0009a0c2       strb     r5, [r0, #0]                   r0=01ffa5bd r1=00000005 r2=00000001 r3=0009a0c1 r4=00000001 r5=00000000 r6=000000f7 r7=00000002 r8=00000000 r9=00000000 r10=0017c0b0 r11=00000000 r12=02000680 sp=020006c8 lr=000f60e3
